0 info it worked if it ends with ok
1 verbose cli [ 'node',
1 verbose cli   '/Users/aaron.pollock/.node/bin/npm',
1 verbose cli   'install',
1 verbose cli   'matchdep',
1 verbose cli   '--save-dev' ]
2 info using npm@2.11.0
3 info using node@v0.12.2
4 verbose install initial load of /Users/aaron.pollock/Desktop/phps/package.json
5 warn package.json phps@1.0.0 No description
6 warn package.json phps@1.0.0 No repository field.
7 warn package.json phps@1.0.0 No README data
8 verbose installManyTop reading scoped package data from /Users/aaron.pollock/Desktop/phps/node_modules/grunt/package.json
9 verbose installManyTop reading scoped package data from /Users/aaron.pollock/Desktop/phps/node_modules/grunt-contrib-sass/package.json
10 verbose installManyTop reading scoped package data from /Users/aaron.pollock/Desktop/phps/node_modules/grunt-contrib-watch/package.json
11 verbose installManyTop reading scoped package data from /Users/aaron.pollock/Desktop/phps/node_modules/jquery/package.json
12 info package.json grunt@0.4.5 No license field.
13 info package.json grunt-contrib-watch@0.6.1 No license field.
14 info package.json grunt-contrib-sass@0.9.2 No license field.
15 info package.json jquery@2.1.4 No license field.
16 verbose readDependencies loading dependencies from /Users/aaron.pollock/Desktop/phps/package.json
17 silly cache add args [ 'matchdep', null ]
18 verbose cache add spec matchdep
19 silly cache add parsed spec { raw: 'matchdep',
19 silly cache add   scope: null,
19 silly cache add   name: 'matchdep',
19 silly cache add   rawSpec: '',
19 silly cache add   spec: '*',
19 silly cache add   type: 'range' }
20 silly addNamed matchdep@*
21 verbose addNamed "*" is a valid semver range for matchdep
22 silly addNameRange { name: 'matchdep', range: '*', hasData: false }
23 silly mapToRegistry name matchdep
24 silly mapToRegistry using default registry
25 silly mapToRegistry registry http://engart.int.kronos.com/artifactory/api/npm/web-virtual/
26 silly mapToRegistry uri http://engart.int.kronos.com/artifactory/api/npm/web-virtual/matchdep
27 verbose addNameRange registry:http://engart.int.kronos.com/artifactory/api/npm/web-virtual/matchdep not in flight; fetching
28 verbose request uri http://engart.int.kronos.com/artifactory/api/npm/web-virtual/matchdep
29 verbose request no auth needed
30 info attempt registry request try #1 at 12:55:59 PM
31 verbose request id 8f2bc20bb7c2cbe7
32 http request GET http://engart.int.kronos.com/artifactory/api/npm/web-virtual/matchdep
33 http 404 http://engart.int.kronos.com/artifactory/api/npm/web-virtual/matchdep
34 verbose headers { server: 'Artifactory/3.7.0',
34 verbose headers   'x-artifactory-id': '18155d92a94c09b3dbb5766cdc7651f1a25f397b',
34 verbose headers   'x-artifactory-node-id': 'kvs-us-engart2',
34 verbose headers   'content-type': 'application/json',
34 verbose headers   'transfer-encoding': 'chunked',
34 verbose headers   date: 'Sun, 16 Aug 2015 16:56:14 GMT',
34 verbose headers   'set-cookie': [ 'BIGipServerHTTP-engart.int.kronos.com=548417546.37151.0000; path=/' ] }
35 silly get cb [ 404,
35 silly get   { server: 'Artifactory/3.7.0',
35 silly get     'x-artifactory-id': '18155d92a94c09b3dbb5766cdc7651f1a25f397b',
35 silly get     'x-artifactory-node-id': 'kvs-us-engart2',
35 silly get     'content-type': 'application/json',
35 silly get     'transfer-encoding': 'chunked',
35 silly get     date: 'Sun, 16 Aug 2015 16:56:14 GMT',
35 silly get     'set-cookie': [ 'BIGipServerHTTP-engart.int.kronos.com=548417546.37151.0000; path=/' ] } ]
36 verbose stack Error: 404 Not Found: matchdep
36 verbose stack     at CachingRegistryClient.<anonymous> (/Users/aaron.pollock/.node/lib/node_modules/npm/node_modules/npm-registry-client/lib/request.js:245:14)
36 verbose stack     at Request._callback (/Users/aaron.pollock/.node/lib/node_modules/npm/node_modules/npm-registry-client/lib/request.js:170:14)
36 verbose stack     at Request.self.callback (/Users/aaron.pollock/.node/lib/node_modules/npm/node_modules/request/request.js:368:22)
36 verbose stack     at Request.emit (events.js:110:17)
36 verbose stack     at Request.<anonymous> (/Users/aaron.pollock/.node/lib/node_modules/npm/node_modules/request/request.js:1219:14)
36 verbose stack     at Request.emit (events.js:129:20)
36 verbose stack     at IncomingMessage.<anonymous> (/Users/aaron.pollock/.node/lib/node_modules/npm/node_modules/request/request.js:1167:12)
36 verbose stack     at IncomingMessage.emit (events.js:129:20)
36 verbose stack     at _stream_readable.js:908:16
36 verbose stack     at process._tickCallback (node.js:355:11)
37 verbose statusCode 404
38 verbose pkgid matchdep
39 verbose cwd /Users/aaron.pollock/Desktop/phps/assets
40 error Darwin 14.3.0
41 error argv "node" "/Users/aaron.pollock/.node/bin/npm" "install" "matchdep" "--save-dev"
42 error node v0.12.2
43 error npm  v2.11.0
44 error code E404
45 error 404 Not Found: matchdep
45 error 404
45 error 404 'matchdep' is not in the npm registry.
45 error 404 You should bug the author to publish it (or use the name yourself!)
45 error 404 It was specified as a dependency of 'phps'
45 error 404
45 error 404 Note that you can also install from a
45 error 404 tarball, folder, http url, or git url.
46 verbose exit [ 1, true ]
